[26-Oct-2022 19:45:44 Europe/Moscow] PHP Warning:  Undefined variable $layout_content in C:\OSPanel\domains\yeticave\init\index.php on line 16
[19-Mar-2023 08:59:51 Europe/Moscow] PHP Warning:  mysqli_connect(): (HY000/1045): Access denied for user 'root'@'localhost' (using password: YES) in C:\OSPanel\domains\yeticave\init\index.php on line 23
[19-Mar-2023 09:54:19 Europe/Moscow] PHP Warning:  mysqli_connect(): (HY000/1045): Access denied for user 'root'@'localhost' (using password: YES) in C:\OSPanel\domains\yeticave\init\init.php on line 2
[19-Mar-2023 09:54:19 Europe/Moscow] PHP Fatal error:  Uncaught TypeError: mysqli_set_charset(): Argument #1 ($mysql) must be of type mysqli, bool given in C:\OSPanel\domains\yeticave\init\init.php:3
Stack trace:
#0 C:\OSPanel\domains\yeticave\init\init.php(3): mysqli_set_charset()
#1 C:\OSPanel\domains\yeticave\init\index.php(8): require_once('C:\\OSPanel\\doma...')
#2 {main}
  thrown in C:\OSPanel\domains\yeticave\init\init.php on line 3
[19-Mar-2023 10:30:43 Europe/Moscow] PHP Fatal error:  Uncaught Error: Call to undefined function get_query_list_lots() in C:\OSPanel\domains\yeticave\init\index.php:23
Stack trace:
#0 {main}
  thrown in C:\OSPanel\domains\yeticave\init\index.php on line 23
[19-Mar-2023 10:31:18 Europe/Moscow] PHP Warning:  Array to string conversion in C:\OSPanel\domains\yeticave\init\templates\main.php on line 8
[19-Mar-2023 10:31:18 Europe/Moscow] PHP Warning:  Array to string conversion in C:\OSPanel\domains\yeticave\init\templates\main.php on line 8
[19-Mar-2023 10:31:18 Europe/Moscow] PHP Warning:  Array to string conversion in C:\OSPanel\domains\yeticave\init\templates\main.php on line 8
[19-Mar-2023 10:31:18 Europe/Moscow] PHP Warning:  Array to string conversion in C:\OSPanel\domains\yeticave\init\templates\main.php on line 8
[19-Mar-2023 10:31:18 Europe/Moscow] PHP Warning:  Array to string conversion in C:\OSPanel\domains\yeticave\init\templates\main.php on line 8
[19-Mar-2023 10:31:18 Europe/Moscow] PHP Warning:  Array to string conversion in C:\OSPanel\domains\yeticave\init\templates\main.php on line 8
[19-Mar-2023 10:31:18 Europe/Moscow] PHP Warning:  Array to string conversion in C:\OSPanel\domains\yeticave\init\templates\layout.php on line 62
[19-Mar-2023 10:31:18 Europe/Moscow] PHP Warning:  Array to string conversion in C:\OSPanel\domains\yeticave\init\templates\layout.php on line 62
[19-Mar-2023 10:31:18 Europe/Moscow] PHP Warning:  Array to string conversion in C:\OSPanel\domains\yeticave\init\templates\layout.php on line 62
[19-Mar-2023 10:31:18 Europe/Moscow] PHP Warning:  Array to string conversion in C:\OSPanel\domains\yeticave\init\templates\layout.php on line 62
[19-Mar-2023 10:31:18 Europe/Moscow] PHP Warning:  Array to string conversion in C:\OSPanel\domains\yeticave\init\templates\layout.php on line 62
[19-Mar-2023 10:31:18 Europe/Moscow] PHP Warning:  Array to string conversion in C:\OSPanel\domains\yeticave\init\templates\layout.php on line 62
[19-Mar-2023 10:32:40 Europe/Moscow] PHP Warning:  Array to string conversion in C:\OSPanel\domains\yeticave\init\templates\main.php on line 8
[19-Mar-2023 10:32:40 Europe/Moscow] PHP Warning:  Array to string conversion in C:\OSPanel\domains\yeticave\init\templates\main.php on line 8
[19-Mar-2023 10:32:40 Europe/Moscow] PHP Warning:  Array to string conversion in C:\OSPanel\domains\yeticave\init\templates\main.php on line 8
[19-Mar-2023 10:32:40 Europe/Moscow] PHP Warning:  Array to string conversion in C:\OSPanel\domains\yeticave\init\templates\main.php on line 8
[19-Mar-2023 10:32:40 Europe/Moscow] PHP Warning:  Array to string conversion in C:\OSPanel\domains\yeticave\init\templates\main.php on line 8
[19-Mar-2023 10:32:40 Europe/Moscow] PHP Warning:  Array to string conversion in C:\OSPanel\domains\yeticave\init\templates\main.php on line 8
[19-Mar-2023 10:32:40 Europe/Moscow] PHP Warning:  Array to string conversion in C:\OSPanel\domains\yeticave\init\templates\layout.php on line 62
[19-Mar-2023 10:32:40 Europe/Moscow] PHP Warning:  Array to string conversion in C:\OSPanel\domains\yeticave\init\templates\layout.php on line 62
[19-Mar-2023 10:32:40 Europe/Moscow] PHP Warning:  Array to string conversion in C:\OSPanel\domains\yeticave\init\templates\layout.php on line 62
[19-Mar-2023 10:32:40 Europe/Moscow] PHP Warning:  Array to string conversion in C:\OSPanel\domains\yeticave\init\templates\layout.php on line 62
[19-Mar-2023 10:32:40 Europe/Moscow] PHP Warning:  Array to string conversion in C:\OSPanel\domains\yeticave\init\templates\layout.php on line 62
[19-Mar-2023 10:32:40 Europe/Moscow] PHP Warning:  Array to string conversion in C:\OSPanel\domains\yeticave\init\templates\layout.php on line 62
[19-Mar-2023 10:32:41 Europe/Moscow] PHP Warning:  Array to string conversion in C:\OSPanel\domains\yeticave\init\templates\main.php on line 8
[19-Mar-2023 10:32:41 Europe/Moscow] PHP Warning:  Array to string conversion in C:\OSPanel\domains\yeticave\init\templates\main.php on line 8
[19-Mar-2023 10:32:41 Europe/Moscow] PHP Warning:  Array to string conversion in C:\OSPanel\domains\yeticave\init\templates\main.php on line 8
[19-Mar-2023 10:32:41 Europe/Moscow] PHP Warning:  Array to string conversion in C:\OSPanel\domains\yeticave\init\templates\main.php on line 8
[19-Mar-2023 10:32:41 Europe/Moscow] PHP Warning:  Array to string conversion in C:\OSPanel\domains\yeticave\init\templates\main.php on line 8
[19-Mar-2023 10:32:41 Europe/Moscow] PHP Warning:  Array to string conversion in C:\OSPanel\domains\yeticave\init\templates\main.php on line 8
[19-Mar-2023 10:32:41 Europe/Moscow] PHP Warning:  Array to string conversion in C:\OSPanel\domains\yeticave\init\templates\layout.php on line 62
[19-Mar-2023 10:32:41 Europe/Moscow] PHP Warning:  Array to string conversion in C:\OSPanel\domains\yeticave\init\templates\layout.php on line 62
[19-Mar-2023 10:32:41 Europe/Moscow] PHP Warning:  Array to string conversion in C:\OSPanel\domains\yeticave\init\templates\layout.php on line 62
[19-Mar-2023 10:32:41 Europe/Moscow] PHP Warning:  Array to string conversion in C:\OSPanel\domains\yeticave\init\templates\layout.php on line 62
[19-Mar-2023 10:32:41 Europe/Moscow] PHP Warning:  Array to string conversion in C:\OSPanel\domains\yeticave\init\templates\layout.php on line 62
[19-Mar-2023 10:32:41 Europe/Moscow] PHP Warning:  Array to string conversion in C:\OSPanel\domains\yeticave\init\templates\layout.php on line 62
[19-Mar-2023 10:32:42 Europe/Moscow] PHP Warning:  Array to string conversion in C:\OSPanel\domains\yeticave\init\templates\main.php on line 8
[19-Mar-2023 10:32:42 Europe/Moscow] PHP Warning:  Array to string conversion in C:\OSPanel\domains\yeticave\init\templates\main.php on line 8
[19-Mar-2023 10:32:42 Europe/Moscow] PHP Warning:  Array to string conversion in C:\OSPanel\domains\yeticave\init\templates\main.php on line 8
[19-Mar-2023 10:32:42 Europe/Moscow] PHP Warning:  Array to string conversion in C:\OSPanel\domains\yeticave\init\templates\main.php on line 8
[19-Mar-2023 10:32:42 Europe/Moscow] PHP Warning:  Array to string conversion in C:\OSPanel\domains\yeticave\init\templates\main.php on line 8
[19-Mar-2023 10:32:42 Europe/Moscow] PHP Warning:  Array to string conversion in C:\OSPanel\domains\yeticave\init\templates\main.php on line 8
[19-Mar-2023 10:32:42 Europe/Moscow] PHP Warning:  Array to string conversion in C:\OSPanel\domains\yeticave\init\templates\layout.php on line 62
[19-Mar-2023 10:32:42 Europe/Moscow] PHP Warning:  Array to string conversion in C:\OSPanel\domains\yeticave\init\templates\layout.php on line 62
[19-Mar-2023 10:32:42 Europe/Moscow] PHP Warning:  Array to string conversion in C:\OSPanel\domains\yeticave\init\templates\layout.php on line 62
[19-Mar-2023 10:32:42 Europe/Moscow] PHP Warning:  Array to string conversion in C:\OSPanel\domains\yeticave\init\templates\layout.php on line 62
[19-Mar-2023 10:32:42 Europe/Moscow] PHP Warning:  Array to string conversion in C:\OSPanel\domains\yeticave\init\templates\layout.php on line 62
[19-Mar-2023 10:32:42 Europe/Moscow] PHP Warning:  Array to string conversion in C:\OSPanel\domains\yeticave\init\templates\layout.php on line 62
[19-Mar-2023 10:32:42 Europe/Moscow] PHP Warning:  Array to string conversion in C:\OSPanel\domains\yeticave\init\templates\main.php on line 8
[19-Mar-2023 10:32:42 Europe/Moscow] PHP Warning:  Array to string conversion in C:\OSPanel\domains\yeticave\init\templates\main.php on line 8
[19-Mar-2023 10:32:42 Europe/Moscow] PHP Warning:  Array to string conversion in C:\OSPanel\domains\yeticave\init\templates\main.php on line 8
[19-Mar-2023 10:32:42 Europe/Moscow] PHP Warning:  Array to string conversion in C:\OSPanel\domains\yeticave\init\templates\main.php on line 8
[19-Mar-2023 10:32:42 Europe/Moscow] PHP Warning:  Array to string conversion in C:\OSPanel\domains\yeticave\init\templates\main.php on line 8
[19-Mar-2023 10:32:42 Europe/Moscow] PHP Warning:  Array to string conversion in C:\OSPanel\domains\yeticave\init\templates\main.php on line 8
[19-Mar-2023 10:32:42 Europe/Moscow] PHP Warning:  Array to string conversion in C:\OSPanel\domains\yeticave\init\templates\layout.php on line 62
[19-Mar-2023 10:32:42 Europe/Moscow] PHP Warning:  Array to string conversion in C:\OSPanel\domains\yeticave\init\templates\layout.php on line 62
[19-Mar-2023 10:32:42 Europe/Moscow] PHP Warning:  Array to string conversion in C:\OSPanel\domains\yeticave\init\templates\layout.php on line 62
[19-Mar-2023 10:32:42 Europe/Moscow] PHP Warning:  Array to string conversion in C:\OSPanel\domains\yeticave\init\templates\layout.php on line 62
[19-Mar-2023 10:32:42 Europe/Moscow] PHP Warning:  Array to string conversion in C:\OSPanel\domains\yeticave\init\templates\layout.php on line 62
[19-Mar-2023 10:32:42 Europe/Moscow] PHP Warning:  Array to string conversion in C:\OSPanel\domains\yeticave\init\templates\layout.php on line 62
[19-Mar-2023 10:32:42 Europe/Moscow] PHP Warning:  Array to string conversion in C:\OSPanel\domains\yeticave\init\templates\main.php on line 8
[19-Mar-2023 10:32:42 Europe/Moscow] PHP Warning:  Array to string conversion in C:\OSPanel\domains\yeticave\init\templates\main.php on line 8
[19-Mar-2023 10:32:42 Europe/Moscow] PHP Warning:  Array to string conversion in C:\OSPanel\domains\yeticave\init\templates\main.php on line 8
[19-Mar-2023 10:32:42 Europe/Moscow] PHP Warning:  Array to string conversion in C:\OSPanel\domains\yeticave\init\templates\main.php on line 8
[19-Mar-2023 10:32:42 Europe/Moscow] PHP Warning:  Array to string conversion in C:\OSPanel\domains\yeticave\init\templates\main.php on line 8
[19-Mar-2023 10:32:42 Europe/Moscow] PHP Warning:  Array to string conversion in C:\OSPanel\domains\yeticave\init\templates\main.php on line 8
[19-Mar-2023 10:32:42 Europe/Moscow] PHP Warning:  Array to string conversion in C:\OSPanel\domains\yeticave\init\templates\layout.php on line 62
[19-Mar-2023 10:32:42 Europe/Moscow] PHP Warning:  Array to string conversion in C:\OSPanel\domains\yeticave\init\templates\layout.php on line 62
[19-Mar-2023 10:32:42 Europe/Moscow] PHP Warning:  Array to string conversion in C:\OSPanel\domains\yeticave\init\templates\layout.php on line 62
[19-Mar-2023 10:32:42 Europe/Moscow] PHP Warning:  Array to string conversion in C:\OSPanel\domains\yeticave\init\templates\layout.php on line 62
[19-Mar-2023 10:32:42 Europe/Moscow] PHP Warning:  Array to string conversion in C:\OSPanel\domains\yeticave\init\templates\layout.php on line 62
[19-Mar-2023 10:32:42 Europe/Moscow] PHP Warning:  Array to string conversion in C:\OSPanel\domains\yeticave\init\templates\layout.php on line 62
[19-Mar-2023 10:34:15 Europe/Moscow] PHP Warning:  Array to string conversion in C:\OSPanel\domains\yeticave\init\templates\layout.php on line 62
[19-Mar-2023 10:34:15 Europe/Moscow] PHP Warning:  Array to string conversion in C:\OSPanel\domains\yeticave\init\templates\layout.php on line 62
[19-Mar-2023 10:34:15 Europe/Moscow] PHP Warning:  Array to string conversion in C:\OSPanel\domains\yeticave\init\templates\layout.php on line 62
[19-Mar-2023 10:34:15 Europe/Moscow] PHP Warning:  Array to string conversion in C:\OSPanel\domains\yeticave\init\templates\layout.php on line 62
[19-Mar-2023 10:34:15 Europe/Moscow] PHP Warning:  Array to string conversion in C:\OSPanel\domains\yeticave\init\templates\layout.php on line 62
[19-Mar-2023 10:34:15 Europe/Moscow] PHP Warning:  Array to string conversion in C:\OSPanel\domains\yeticave\init\templates\layout.php on line 62
[22-Mar-2023 13:37:22 Europe/Moscow] PHP Fatal error:  Uncaught Error: Call to undefined function get_categories() in C:\OSPanel\domains\yeticave\init\index.php:12
Stack trace:
#0 {main}
  thrown in C:\OSPanel\domains\yeticave\init\index.php on line 12
[22-Mar-2023 13:55:38 Europe/Moscow] PHP Parse error:  syntax error, unexpected token "if" in C:\OSPanel\domains\yeticave\init\models.php on line 17
[22-Mar-2023 13:55:55 Europe/Moscow] PHP Fatal error:  Uncaught Error: Call to undefined function get_arrow() in C:\OSPanel\domains\yeticave\init\models.php:18
Stack trace:
#0 C:\OSPanel\domains\yeticave\init\index.php(12): get_categories()
#1 {main}
  thrown in C:\OSPanel\domains\yeticave\init\models.php on line 18
[02-May-2023 13:47:31 Europe/Moscow] PHP Warning:  Undefined array key "name" in C:\OSPanel\domains\yeticave\init\data.php on line 5
[03-May-2023 10:58:45 Europe/Moscow] PHP Warning:  Undefined array key "name" in C:\OSPanel\domains\yeticave\init\templates\layout.php on line 22
[04-May-2023 14:43:34 Europe/Moscow] PHP Notice:  session_start(): Ignoring session_start() because a session is already active in C:\OSPanel\domains\yeticave\init\index.php on line 14
[04-May-2023 14:43:35 Europe/Moscow] PHP Notice:  session_start(): Ignoring session_start() because a session is already active in C:\OSPanel\domains\yeticave\init\index.php on line 14
[04-May-2023 14:43:36 Europe/Moscow] PHP Notice:  session_start(): Ignoring session_start() because a session is already active in C:\OSPanel\domains\yeticave\init\index.php on line 14
[04-May-2023 14:43:42 Europe/Moscow] PHP Notice:  session_start(): Ignoring session_start() because a session is already active in C:\OSPanel\domains\yeticave\init\index.php on line 14
[04-May-2023 14:45:23 Europe/Moscow] PHP Warning:  Undefined array key "name" in C:\OSPanel\domains\yeticave\init\templates\layout.php on line 28
[07-May-2023 09:53:45 Europe/Moscow] PHP Parse error:  syntax error, unexpected token "{", expecting "(" in C:\OSPanel\domains\yeticave\init\functions.php on line 47
[07-May-2023 09:53:57 Europe/Moscow] PHP Parse error:  syntax error, unexpected token "{", expecting "(" in C:\OSPanel\domains\yeticave\init\functions.php on line 47
[07-May-2023 09:53:58 Europe/Moscow] PHP Parse error:  syntax error, unexpected token "{", expecting "(" in C:\OSPanel\domains\yeticave\init\functions.php on line 47
[16-May-2023 10:48:07 Europe/Moscow] PHP Parse error:  Unmatched '}' in C:\OSPanel\domains\yeticave\init\models.php on line 111
[16-May-2023 10:52:33 Europe/Moscow] PHP Parse error:  Unclosed '{' on line 49 in C:\OSPanel\domains\yeticave\init\functions.php on line 128
[20-May-2023 22:07:51 Europe/Moscow] PHP Warning:  Undefined variable $search_request in C:\OSPanel\domains\yeticave\init\templates\layout.php on line 19
[20-May-2023 22:09:23 Europe/Moscow] PHP Warning:  Undefined variable $search_request in C:\OSPanel\domains\yeticave\init\index.php on line 43
[20-May-2023 22:09:47 Europe/Moscow] PHP Warning:  Undefined variable $search_request in C:\OSPanel\domains\yeticave\init\templates\layout.php on line 19
[20-May-2023 22:10:53 Europe/Moscow] PHP Warning:  Undefined variable $search_request in C:\OSPanel\domains\yeticave\init\templates\layout.php on line 19
[20-May-2023 22:40:03 Europe/Moscow] PHP Warning:  Undefined variable $search_request in C:\OSPanel\domains\yeticave\init\index.php on line 43
[20-May-2023 22:40:05 Europe/Moscow] PHP Warning:  Undefined variable $search_request in C:\OSPanel\domains\yeticave\init\index.php on line 43
[22-May-2023 11:12:46 Europe/Moscow] PHP Warning:  Undefined variable $lots_name_desc in C:\OSPanel\domains\yeticave\init\templates\layout.php on line 23
[22-May-2023 11:12:48 Europe/Moscow] PHP Warning:  Undefined variable $lots_name_desc in C:\OSPanel\domains\yeticave\init\templates\layout.php on line 23
[22-May-2023 11:12:50 Europe/Moscow] PHP Warning:  Undefined variable $lots_name_desc in C:\OSPanel\domains\yeticave\init\templates\layout.php on line 23
[22-May-2023 11:12:57 Europe/Moscow] PHP Warning:  Undefined variable $lots_name_desc in C:\OSPanel\domains\yeticave\init\templates\layout.php on line 23
[26-May-2023 13:13:52 Europe/Moscow] PHP Warning:  Undefined variable $error in C:\OSPanel\domains\yeticave\init\templates\layout.php on line 23
[26-May-2023 13:15:07 Europe/Moscow] PHP Warning:  Undefined variable $error in C:\OSPanel\domains\yeticave\init\templates\layout.php on line 23
[26-May-2023 13:15:10 Europe/Moscow] PHP Warning:  Undefined variable $error in C:\OSPanel\domains\yeticave\init\templates\layout.php on line 23
[26-May-2023 13:15:46 Europe/Moscow] PHP Warning:  Undefined variable $error in C:\OSPanel\domains\yeticave\init\templates\layout.php on line 23
[26-May-2023 13:15:47 Europe/Moscow] PHP Warning:  Undefined variable $error in C:\OSPanel\domains\yeticave\init\templates\layout.php on line 23
[26-May-2023 13:15:52 Europe/Moscow] PHP Warning:  Undefined variable $error in C:\OSPanel\domains\yeticave\init\templates\layout.php on line 23
[26-May-2023 13:16:06 Europe/Moscow] PHP Warning:  Undefined variable $error in C:\OSPanel\domains\yeticave\init\templates\layout.php on line 23
[26-May-2023 13:16:26 Europe/Moscow] PHP Warning:  Undefined variable $error in C:\OSPanel\domains\yeticave\init\templates\layout.php on line 23
[26-May-2023 13:16:50 Europe/Moscow] PHP Fatal error:  Cannot use [] for reading in C:\OSPanel\domains\yeticave\init\templates\layout.php on line 23
[26-May-2023 13:16:55 Europe/Moscow] PHP Warning:  Undefined variable $errors in C:\OSPanel\domains\yeticave\init\templates\layout.php on line 23
[26-May-2023 13:16:55 Europe/Moscow] PHP Warning:  Trying to access array offset on value of type null in C:\OSPanel\domains\yeticave\init\templates\layout.php on line 23
[26-May-2023 13:17:11 Europe/Moscow] PHP Warning:  Undefined variable $errors in C:\OSPanel\domains\yeticave\init\templates\layout.php on line 23
[26-May-2023 13:17:11 Europe/Moscow] PHP Warning:  Trying to access array offset on value of type null in C:\OSPanel\domains\yeticave\init\templates\layout.php on line 23
[26-May-2023 13:17:14 Europe/Moscow] PHP Warning:  Undefined variable $errors in C:\OSPanel\domains\yeticave\init\templates\layout.php on line 23
[26-May-2023 13:17:14 Europe/Moscow] PHP Warning:  Trying to access array offset on value of type null in C:\OSPanel\domains\yeticave\init\templates\layout.php on line 23
[26-May-2023 13:20:20 Europe/Moscow] PHP Warning:  Undefined variable $errors in C:\OSPanel\domains\yeticave\init\templates\layout.php on line 23
[26-May-2023 13:20:20 Europe/Moscow] PHP Warning:  Trying to access array offset on value of type null in C:\OSPanel\domains\yeticave\init\templates\layout.php on line 23
[26-May-2023 13:20:21 Europe/Moscow] PHP Warning:  Undefined variable $errors in C:\OSPanel\domains\yeticave\init\templates\layout.php on line 23
[26-May-2023 13:20:21 Europe/Moscow] PHP Warning:  Trying to access array offset on value of type null in C:\OSPanel\domains\yeticave\init\templates\layout.php on line 23
[26-May-2023 13:23:47 Europe/Moscow] PHP Warning:  Undefined variable $errors in C:\OSPanel\domains\yeticave\init\templates\layout.php on line 23
[26-May-2023 13:23:47 Europe/Moscow] PHP Warning:  Trying to access array offset on value of type null in C:\OSPanel\domains\yeticave\init\templates\layout.php on line 23
[26-May-2023 13:25:19 Europe/Moscow] PHP Warning:  Undefined variable $errors in C:\OSPanel\domains\yeticave\init\templates\layout.php on line 23
[26-May-2023 13:25:19 Europe/Moscow] PHP Warning:  Trying to access array offset on value of type null in C:\OSPanel\domains\yeticave\init\templates\layout.php on line 23
[26-May-2023 13:27:31 Europe/Moscow] PHP Warning:  Undefined variable $errors in C:\OSPanel\domains\yeticave\init\templates\layout.php on line 23
[26-May-2023 13:27:31 Europe/Moscow] PHP Warning:  Trying to access array offset on value of type null in C:\OSPanel\domains\yeticave\init\templates\layout.php on line 23
[26-May-2023 13:28:26 Europe/Moscow] PHP Warning:  Undefined variable $errors in C:\OSPanel\domains\yeticave\init\templates\layout.php on line 23
[26-May-2023 13:30:27 Europe/Moscow] PHP Warning:  Undefined variable $errors in C:\OSPanel\domains\yeticave\init\templates\layout.php on line 23
[26-May-2023 13:33:23 Europe/Moscow] PHP Warning:  Undefined variable $errors in C:\OSPanel\domains\yeticave\init\templates\layout.php on line 23
[26-May-2023 13:33:23 Europe/Moscow] PHP Warning:  Trying to access array offset on value of type null in C:\OSPanel\domains\yeticave\init\templates\layout.php on line 23
[26-May-2023 13:37:41 Europe/Moscow] PHP Warning:  Undefined variable $errors in C:\OSPanel\domains\yeticave\init\templates\layout.php on line 24
[26-May-2023 13:37:41 Europe/Moscow] PHP Warning:  Trying to access array offset on value of type null in C:\OSPanel\domains\yeticave\init\templates\layout.php on line 24
[26-May-2023 13:40:28 Europe/Moscow] PHP Warning:  Undefined variable $errors in C:\OSPanel\domains\yeticave\init\templates\layout.php on line 24
[26-May-2023 13:40:28 Europe/Moscow] PHP Warning:  Trying to access array offset on value of type null in C:\OSPanel\domains\yeticave\init\templates\layout.php on line 24
[26-May-2023 13:40:32 Europe/Moscow] PHP Warning:  Undefined variable $errors in C:\OSPanel\domains\yeticave\init\templates\layout.php on line 24
[26-May-2023 13:40:32 Europe/Moscow] PHP Warning:  Trying to access array offset on value of type null in C:\OSPanel\domains\yeticave\init\templates\layout.php on line 24
[26-May-2023 13:41:48 Europe/Moscow] PHP Warning:  Undefined variable $errors in C:\OSPanel\domains\yeticave\init\templates\layout.php on line 24
[26-May-2023 13:41:48 Europe/Moscow] PHP Warning:  Trying to access array offset on value of type null in C:\OSPanel\domains\yeticave\init\templates\layout.php on line 24
[26-May-2023 13:42:06 Europe/Moscow] PHP Warning:  Undefined variable $errors in C:\OSPanel\domains\yeticave\init\templates\layout.php on line 24
[26-May-2023 13:42:06 Europe/Moscow] PHP Warning:  Trying to access array offset on value of type null in C:\OSPanel\domains\yeticave\init\templates\layout.php on line 24
[26-May-2023 13:42:12 Europe/Moscow] PHP Warning:  Undefined variable $errors in C:\OSPanel\domains\yeticave\init\templates\layout.php on line 24
[26-May-2023 13:42:12 Europe/Moscow] PHP Warning:  Trying to access array offset on value of type null in C:\OSPanel\domains\yeticave\init\templates\layout.php on line 24
[26-May-2023 15:47:22 Europe/Moscow] PHP Warning:  Undefined variable $errors in C:\OSPanel\domains\yeticave\init\templates\layout.php on line 24
[26-May-2023 15:47:22 Europe/Moscow] PHP Warning:  Trying to access array offset on value of type null in C:\OSPanel\domains\yeticave\init\templates\layout.php on line 24
[26-May-2023 15:50:12 Europe/Moscow] PHP Warning:  Undefined variable $errors in C:\OSPanel\domains\yeticave\init\templates\layout.php on line 27
[26-May-2023 15:50:12 Europe/Moscow] PHP Warning:  Trying to access array offset on value of type null in C:\OSPanel\domains\yeticave\init\templates\layout.php on line 27
[26-May-2023 16:02:37 Europe/Moscow] PHP Warning:  Undefined variable $errors in C:\OSPanel\domains\yeticave\init\templates\layout.php on line 24
[26-May-2023 16:02:37 Europe/Moscow] PHP Warning:  Trying to access array offset on value of type null in C:\OSPanel\domains\yeticave\init\templates\layout.php on line 24
[26-May-2023 16:02:39 Europe/Moscow] PHP Warning:  Undefined variable $errors in C:\OSPanel\domains\yeticave\init\templates\layout.php on line 24
[26-May-2023 16:02:39 Europe/Moscow] PHP Warning:  Trying to access array offset on value of type null in C:\OSPanel\domains\yeticave\init\templates\layout.php on line 24
[26-May-2023 16:02:40 Europe/Moscow] PHP Warning:  Undefined variable $errors in C:\OSPanel\domains\yeticave\init\templates\layout.php on line 24
[26-May-2023 16:02:40 Europe/Moscow] PHP Warning:  Trying to access array offset on value of type null in C:\OSPanel\domains\yeticave\init\templates\layout.php on line 24
[26-May-2023 16:10:41 Europe/Moscow] PHP Warning:  Undefined variable $errors in C:\OSPanel\domains\yeticave\init\templates\layout.php on line 24
[26-May-2023 16:10:41 Europe/Moscow] PHP Warning:  Trying to access array offset on value of type null in C:\OSPanel\domains\yeticave\init\templates\layout.php on line 24
[26-May-2023 16:11:12 Europe/Moscow] PHP Warning:  Undefined variable $errors in C:\OSPanel\domains\yeticave\init\templates\layout.php on line 24
[26-May-2023 16:11:12 Europe/Moscow] PHP Warning:  Trying to access array offset on value of type null in C:\OSPanel\domains\yeticave\init\templates\layout.php on line 24
[26-May-2023 20:41:21 Europe/Moscow] PHP Warning:  Undefined variable $errors in C:\OSPanel\domains\yeticave\init\templates\layout.php on line 24
[26-May-2023 20:43:55 Europe/Moscow] PHP Warning:  Undefined variable $errors in C:\OSPanel\domains\yeticave\init\templates\layout.php on line 24
[26-May-2023 20:46:06 Europe/Moscow] PHP Warning:  Undefined variable $errors in C:\OSPanel\domains\yeticave\init\templates\layout.php on line 24
[26-May-2023 20:46:06 Europe/Moscow] PHP Warning:  Trying to access array offset on value of type null in C:\OSPanel\domains\yeticave\init\templates\layout.php on line 24
